0 info it worked if it ends with ok
1 verbose cli [ '/home/ubuntu/.nvm/versions/node/v6.11.2/bin/node',
1 verbose cli   '/home/ubuntu/.nvm/versions/node/v6.11.2/bin/npm',
1 verbose cli   'run',
1 verbose cli   'start' ]
2 info using npm@3.10.10
3 info using node@v6.11.2
4 verbose stack Error: Failed to parse json
4 verbose stack Unexpected token 's' at 14:6
4 verbose stack     "start": "node ./business-layer/blayer-user"
4 verbose stack      ^
4 verbose stack     at parseError (/home/ubuntu/.nvm/versions/node/v6.11.2/lib/node_modules/npm/node_modules/read-package-json/read-json.js:390:11)
4 verbose stack     at parseJson (/home/ubuntu/.nvm/versions/node/v6.11.2/lib/node_modules/npm/node_modules/read-package-json/read-json.js:79:23)
4 verbose stack     at /home/ubuntu/.nvm/versions/node/v6.11.2/lib/node_modules/npm/node_modules/read-package-json/read-json.js:48:5
4 verbose stack     at /home/ubuntu/.nvm/versions/node/v6.11.2/lib/node_modules/npm/node_modules/graceful-fs/graceful-fs.js:78:16
4 verbose stack     at tryToString (fs.js:456:3)
4 verbose stack     at FSReqWrap.readFileAfterClose [as oncomplete] (fs.js:443:12)
5 verbose cwd /home/ubuntu/layered
6 error Linux 4.9.120-c9
7 error argv "/home/ubuntu/.nvm/versions/node/v6.11.2/bin/node" "/home/ubuntu/.nvm/versions/node/v6.11.2/bin/npm" "run" "start"
8 error node v6.11.2
9 error npm  v3.10.10
10 error file /home/ubuntu/layered/package.json
11 error code EJSONPARSE
12 error Failed to parse json
12 error Unexpected token 's' at 14:6
12 error     "start": "node ./business-layer/blayer-user"
12 error      ^
13 error File: /home/ubuntu/layered/package.json
14 error Failed to parse package.json data.
14 error package.json must be actual JSON, not just JavaScript.
14 error
14 error This is not a bug in npm.
14 error Tell the package author to fix their package.json file. JSON.parse
15 verbose exit [ 1, true ]
